2025-08-31T20:12:26.509+01:00  INFO 19372 --- [PiTravel] [restartedMain] ndgroups.PiTravel.PiTravelApplication    : Starting PiTravelApplication using Java 18.0.1.1 with PID 19372 (C:\Users\User\Documents\kenneth\project\PiTravel-app\PiTravel\target\classes started by User in C:\Users\User\Documents\kenneth\project\PiTravel-app\PiTravel)
2025-08-31T20:12:26.585+01:00  INFO 19372 --- [PiTravel] [restartedMain] ndgroups.PiTravel.PiTravelApplication    : No active profile set, falling back to 1 default profile: "default"
2025-08-31T20:12:26.972+01:00  INFO 19372 --- [PiTravel] [restartedMain] .e.DevToolsPropertyDefaultsPostProcessor : Devtools property defaults active! Set 'spring.devtools.add-properties' to 'false' to disable
2025-08-31T20:12:27.025+01:00  INFO 19372 --- [PiTravel] [restartedMain] .e.DevToolsPropertyDefaultsPostProcessor : For additional web related logging consider setting the 'logging.level.web' property to 'DEBUG'
2025-08-31T20:12:34.329+01:00  INFO 19372 --- [PiTravel] [restartedMain] .s.d.r.c.RepositoryConfigurationDelegate : Bootstrapping Spring Data JPA repositories in DEFAULT mode.
2025-08-31T20:12:35.219+01:00  INFO 19372 --- [PiTravel] [restartedMain] .s.d.r.c.RepositoryConfigurationDelegate : Finished Spring Data repository scanning in 823 ms. Found 3 JPA repository interfaces.
2025-08-31T20:12:42.597+01:00  INFO 19372 --- [PiTravel] [restartedMain] o.s.b.w.embedded.tomcat.TomcatWebServer  : Tomcat initialized with port 8080 (http)
2025-08-31T20:12:42.747+01:00  INFO 19372 --- [PiTravel] [restartedMain] o.apache.catalina.core.StandardService   : Starting service [Tomcat]
2025-08-31T20:12:42.748+01:00  INFO 19372 --- [PiTravel] [restartedMain] o.apache.catalina.core.StandardEngine    : Starting Servlet engine: [Apache Tomcat/10.1.36]
2025-08-31T20:12:44.609+01:00  INFO 19372 --- [PiTravel] [restartedMain] o.a.c.c.C.[Tomcat].[localhost].[/]       : Initializing Spring embedded WebApplicationContext
2025-08-31T20:12:44.610+01:00  INFO 19372 --- [PiTravel] [restartedMain] w.s.c.ServletWebServerApplicationContext : Root WebApplicationContext: initialization completed in 17584 ms
2025-08-31T20:12:45.520+01:00  INFO 19372 --- [PiTravel] [restartedMain] com.zaxxer.hikari.HikariDataSource       : HikariPool-1 - Starting...
2025-08-31T20:13:01.268+01:00  INFO 19372 --- [PiTravel] [restartedMain] com.zaxxer.hikari.pool.HikariPool        : HikariPool-1 - Added connection com.mysql.cj.jdbc.ConnectionImpl@6bc92955
2025-08-31T20:13:01.286+01:00  INFO 19372 --- [PiTravel] [restartedMain] com.zaxxer.hikari.HikariDataSource       : HikariPool-1 - Start completed.
2025-08-31T20:13:02.494+01:00  INFO 19372 --- [PiTravel] [restartedMain] o.hibernate.jpa.internal.util.LogHelper  : HHH000204: Processing PersistenceUnitInfo [name: default]
2025-08-31T20:13:04.650+01:00  INFO 19372 --- [PiTravel] [restartedMain] org.hibernate.Version                    : HHH000412: Hibernate ORM core version 6.6.8.Final
2025-08-31T20:13:06.173+01:00  INFO 19372 --- [PiTravel] [restartedMain] o.h.c.internal.RegionFactoryInitiator    : HHH000026: Second-level cache disabled
2025-08-31T20:13:07.923+01:00  INFO 19372 --- [PiTravel] [restartedMain] o.s.o.j.p.SpringPersistenceUnitInfo      : No LoadTimeWeaver setup: ignoring JPA class transformer
2025-08-31T20:13:10.462+01:00  INFO 19372 --- [PiTravel] [restartedMain] org.hibernate.orm.connections.pooling    : HHH10001005: Database info:
	Database JDBC URL [Connecting through datasource 'HikariDataSource (HikariPool-1)']
	Database driver: undefined/unknown
	Database version: 8.0.36
	Autocommit mode: undefined/unknown
	Isolation level: undefined/unknown
	Minimum pool size: undefined/unknown
	Maximum pool size: undefined/unknown
2025-08-31T20:13:16.909+01:00  INFO 19372 --- [PiTravel] [restartedMain] o.h.e.t.j.p.i.JtaPlatformInitiator       : HHH000489: No JTA platform available (set 'hibernate.transaction.jta.platform' to enable JTA platform integration)
2025-08-31T20:13:22.601+01:00  INFO 19372 --- [PiTravel] [restartedMain] j.LocalContainerEntityManagerFactoryBean : Initialized JPA EntityManagerFactory for persistence unit 'default'
2025-08-31T20:13:24.734+01:00  INFO 19372 --- [PiTravel] [restartedMain] eAuthenticationProviderManagerConfigurer : Global AuthenticationManager configured with AuthenticationProvider bean with name authenticationProvider
2025-08-31T20:13:24.734+01:00  WARN 19372 --- [PiTravel] [restartedMain] r$InitializeUserDetailsManagerConfigurer : Global AuthenticationManager configured with an AuthenticationProvider bean. UserDetailsService beans will not be used by Spring Security for automatically configuring username/password login. Consider removing the AuthenticationProvider bean. Alternatively, consider using the UserDetailsService in a manually instantiated DaoAuthenticationProvider. If the current configuration is intentional, to turn off this warning, increase the logging level of 'org.springframework.security.config.annotation.authentication.configuration.InitializeUserDetailsBeanManagerConfigurer' to ERROR
2025-08-31T20:13:24.953+01:00  INFO 19372 --- [PiTravel] [restartedMain] o.s.d.j.r.query.QueryEnhancerFactory     : Hibernate is in classpath; If applicable, HQL parser will be used.
2025-08-31T20:13:27.309+01:00  WARN 19372 --- [PiTravel] [restartedMain] JpaBaseConfiguration$JpaWebConfiguration : spring.jpa.open-in-view is enabled by default. Therefore, database queries may be performed during view rendering. Explicitly configure spring.jpa.open-in-view to disable this warning
2025-08-31T20:13:30.737+01:00  INFO 19372 --- [PiTravel] [restartedMain] o.s.b.a.h2.H2ConsoleAutoConfiguration    : H2 console available at '/h2-console'. Database available at 'jdbc:mysql://localhost:3306/PiTravel?createDatabaseIfNotExist=true'
2025-08-31T20:13:31.283+01:00  INFO 19372 --- [PiTravel] [restartedMain] o.s.b.d.a.OptionalLiveReloadServer       : LiveReload server is running on port 35729
2025-08-31T20:13:31.388+01:00  INFO 19372 --- [PiTravel] [restartedMain] o.s.b.w.embedded.tomcat.TomcatWebServer  : Tomcat started on port 8080 (http) with context path '/'
2025-08-31T20:13:31.404+01:00  INFO 19372 --- [PiTravel] [restartedMain] ndgroups.PiTravel.PiTravelApplication    : Started PiTravelApplication in 68.964 seconds (process running for 77.687)
2025-08-31T20:26:17.688+01:00  INFO 19372 --- [PiTravel] [SpringApplicationShutdownHook] o.s.b.w.e.tomcat.GracefulShutdown        : Commencing graceful shutdown. Waiting for active requests to complete
2025-08-31T20:26:17.949+01:00  INFO 19372 --- [PiTravel] [tomcat-shutdown] o.s.b.w.e.tomcat.GracefulShutdown        : Graceful shutdown complete
2025-08-31T20:26:17.973+01:00  INFO 19372 --- [PiTravel] [SpringApplicationShutdownHook] j.LocalContainerEntityManagerFactoryBean : Closing JPA EntityManagerFactory for persistence unit 'default'
2025-08-31T20:26:18.003+01:00  INFO 19372 --- [PiTravel] [SpringApplicationShutdownHook] com.zaxxer.hikari.HikariDataSource       : HikariPool-1 - Shutdown initiated...
2025-08-31T20:26:18.087+01:00  INFO 19372 --- [PiTravel] [SpringApplicationShutdownHook] com.zaxxer.hikari.HikariDataSource       : HikariPool-1 - Shutdown completed.
2025-08-31T20:26:29.594+01:00  INFO 10148 --- [PiTravel] [restartedMain] ndgroups.PiTravel.PiTravelApplication    : Starting PiTravelApplication using Java 18.0.1.1 with PID 10148 (C:\Users\User\Documents\kenneth\project\PiTravel-app\PiTravel\target\classes started by User in C:\Users\User\Documents\kenneth\project\PiTravel-app\PiTravel)
2025-08-31T20:26:29.599+01:00  INFO 10148 --- [PiTravel] [restartedMain] ndgroups.PiTravel.PiTravelApplication    : No active profile set, falling back to 1 default profile: "default"
2025-08-31T20:26:29.709+01:00  INFO 10148 --- [PiTravel] [restartedMain] .e.DevToolsPropertyDefaultsPostProcessor : Devtools property defaults active! Set 'spring.devtools.add-properties' to 'false' to disable
2025-08-31T20:26:29.709+01:00  INFO 10148 --- [PiTravel] [restartedMain] .e.DevToolsPropertyDefaultsPostProcessor : For additional web related logging consider setting the 'logging.level.web' property to 'DEBUG'
2025-08-31T20:26:32.717+01:00  INFO 10148 --- [PiTravel] [restartedMain] .s.d.r.c.RepositoryConfigurationDelegate : Bootstrapping Spring Data JPA repositories in DEFAULT mode.
2025-08-31T20:26:32.843+01:00  INFO 10148 --- [PiTravel] [restartedMain] .s.d.r.c.RepositoryConfigurationDelegate : Finished Spring Data repository scanning in 112 ms. Found 3 JPA repository interfaces.
2025-08-31T20:26:34.723+01:00  INFO 10148 --- [PiTravel] [restartedMain] o.s.b.w.embedded.tomcat.TomcatWebServer  : Tomcat initialized with port 8080 (http)
2025-08-31T20:26:34.757+01:00  INFO 10148 --- [PiTravel] [restartedMain] o.apache.catalina.core.StandardService   : Starting service [Tomcat]
2025-08-31T20:26:34.758+01:00  INFO 10148 --- [PiTravel] [restartedMain] o.apache.catalina.core.StandardEngine    : Starting Servlet engine: [Apache Tomcat/10.1.36]
2025-08-31T20:26:34.847+01:00  INFO 10148 --- [PiTravel] [restartedMain] o.a.c.c.C.[Tomcat].[localhost].[/]       : Initializing Spring embedded WebApplicationContext
2025-08-31T20:26:34.848+01:00  INFO 10148 --- [PiTravel] [restartedMain] w.s.c.ServletWebServerApplicationContext : Root WebApplicationContext: initialization completed in 5138 ms
2025-08-31T20:26:35.114+01:00  INFO 10148 --- [PiTravel] [restartedMain] com.zaxxer.hikari.HikariDataSource       : HikariPool-1 - Starting...
2025-08-31T20:26:36.319+01:00  INFO 10148 --- [PiTravel] [restartedMain] com.zaxxer.hikari.pool.HikariPool        : HikariPool-1 - Added connection com.mysql.cj.jdbc.ConnectionImpl@47660f52
2025-08-31T20:26:36.323+01:00  INFO 10148 --- [PiTravel] [restartedMain] com.zaxxer.hikari.HikariDataSource       : HikariPool-1 - Start completed.
2025-08-31T20:26:36.667+01:00  INFO 10148 --- [PiTravel] [restartedMain] o.hibernate.jpa.internal.util.LogHelper  : HHH000204: Processing PersistenceUnitInfo [name: default]
2025-08-31T20:26:36.999+01:00  INFO 10148 --- [PiTravel] [restartedMain] org.hibernate.Version                    : HHH000412: Hibernate ORM core version 6.6.8.Final
2025-08-31T20:26:37.140+01:00  INFO 10148 --- [PiTravel] [restartedMain] o.h.c.internal.RegionFactoryInitiator    : HHH000026: Second-level cache disabled
2025-08-31T20:26:38.003+01:00  INFO 10148 --- [PiTravel] [restartedMain] o.s.o.j.p.SpringPersistenceUnitInfo      : No LoadTimeWeaver setup: ignoring JPA class transformer
2025-08-31T20:26:38.408+01:00  INFO 10148 --- [PiTravel] [restartedMain] org.hibernate.orm.connections.pooling    : HHH10001005: Database info:
	Database JDBC URL [Connecting through datasource 'HikariDataSource (HikariPool-1)']
	Database driver: undefined/unknown
	Database version: 8.0.36
	Autocommit mode: undefined/unknown
	Isolation level: undefined/unknown
	Minimum pool size: undefined/unknown
	Maximum pool size: undefined/unknown
2025-08-31T20:26:40.550+01:00  INFO 10148 --- [PiTravel] [restartedMain] o.h.e.t.j.p.i.JtaPlatformInitiator       : HHH000489: No JTA platform available (set 'hibernate.transaction.jta.platform' to enable JTA platform integration)
2025-08-31T20:26:40.925+01:00  INFO 10148 --- [PiTravel] [restartedMain] j.LocalContainerEntityManagerFactoryBean : Initialized JPA EntityManagerFactory for persistence unit 'default'
2025-08-31T20:26:41.791+01:00  INFO 10148 --- [PiTravel] [restartedMain] eAuthenticationProviderManagerConfigurer : Global AuthenticationManager configured with AuthenticationProvider bean with name authenticationProvider
2025-08-31T20:26:41.793+01:00  WARN 10148 --- [PiTravel] [restartedMain] r$InitializeUserDetailsManagerConfigurer : Global AuthenticationManager configured with an AuthenticationProvider bean. UserDetailsService beans will not be used by Spring Security for automatically configuring username/password login. Consider removing the AuthenticationProvider bean. Alternatively, consider using the UserDetailsService in a manually instantiated DaoAuthenticationProvider. If the current configuration is intentional, to turn off this warning, increase the logging level of 'org.springframework.security.config.annotation.authentication.configuration.InitializeUserDetailsBeanManagerConfigurer' to ERROR
2025-08-31T20:26:41.883+01:00  INFO 10148 --- [PiTravel] [restartedMain] o.s.d.j.r.query.QueryEnhancerFactory     : Hibernate is in classpath; If applicable, HQL parser will be used.
2025-08-31T20:26:43.465+01:00  WARN 10148 --- [PiTravel] [restartedMain] JpaBaseConfiguration$JpaWebConfiguration : spring.jpa.open-in-view is enabled by default. Therefore, database queries may be performed during view rendering. Explicitly configure spring.jpa.open-in-view to disable this warning
2025-08-31T20:26:44.449+01:00  INFO 10148 --- [PiTravel] [restartedMain] o.s.b.a.h2.H2ConsoleAutoConfiguration    : H2 console available at '/h2-console'. Database available at 'jdbc:mysql://localhost:3306/PiTravel?createDatabaseIfNotExist=true'
2025-08-31T20:26:44.566+01:00  INFO 10148 --- [PiTravel] [restartedMain] o.s.b.d.a.OptionalLiveReloadServer       : LiveReload server is running on port 35729
2025-08-31T20:26:44.673+01:00  INFO 10148 --- [PiTravel] [restartedMain] o.s.b.w.embedded.tomcat.TomcatWebServer  : Tomcat started on port 8080 (http) with context path '/'
2025-08-31T20:26:44.694+01:00  INFO 10148 --- [PiTravel] [restartedMain] ndgroups.PiTravel.PiTravelApplication    : Started PiTravelApplication in 17.108 seconds (process running for 19.654)
2025-08-31T20:27:50.045+01:00  INFO 10148 --- [PiTravel] [SpringApplicationShutdownHook] o.s.b.w.e.tomcat.GracefulShutdown        : Commencing graceful shutdown. Waiting for active requests to complete
2025-08-31T20:27:50.289+01:00  INFO 10148 --- [PiTravel] [tomcat-shutdown] o.s.b.w.e.tomcat.GracefulShutdown        : Graceful shutdown complete
2025-08-31T20:27:50.295+01:00  INFO 10148 --- [PiTravel] [SpringApplicationShutdownHook] j.LocalContainerEntityManagerFactoryBean : Closing JPA EntityManagerFactory for persistence unit 'default'
2025-08-31T20:27:50.303+01:00  INFO 10148 --- [PiTravel] [SpringApplicationShutdownHook] com.zaxxer.hikari.HikariDataSource       : HikariPool-1 - Shutdown initiated...
2025-08-31T20:27:50.335+01:00  INFO 10148 --- [PiTravel] [SpringApplicationShutdownHook] com.zaxxer.hikari.HikariDataSource       : HikariPool-1 - Shutdown completed.
